-------------------------------------------------------------------------------
Test set: com.HighFive.breadapp.BreadappApplicationTests
-------------------------------------------------------------------------------
Tests run: 1, Failures: 0, Errors: 1, Skipped: 0, Time elapsed: 0.624 s <<< FAILURE! - in com.HighFive.breadapp.BreadappApplicationTests
com.HighFive.breadapp.BreadappApplicationTests  Time elapsed: 0.621 s  <<< ERROR!
java.lang.IllegalStateException: Unable to find a @SpringBootConfiguration, you need to use @ContextConfiguration or @SpringBootTest(classes=...) with your test

